<?xml version="1.0" encoding="UTF-8"?>
<!-- Generated by org.testng.reporters.JUnitReportReporter -->
<testsuite hostname="FC080-NEW" name="com.Scripts.VerifyLogin" tests="1" failures="0" timestamp="30 Mar 2017 13:20:34 GMT" time="68.028" errors="0">
  <testcase name="iniateOndemandSession" time="68.028" classname="com.Scripts.VerifyLogin"/>
</testsuite> <!-- com.Scripts.VerifyLogin -->
