<?xml version="1.0" encoding="UTF-8"?>
<!-- Generated by org.testng.reporters.JUnitReportReporter -->
<testsuite hostname="FC080-NEW" name="com.Scripts.VerifyJoinSession" tests="2" failures="0" timestamp="31 Mar 2017 06:31:08 GMT" time="156.613" errors="0">
  <testcase name="pickSession" time="113.830" classname="com.Scripts.VerifyJoinSession"/>
  <testcase name="iniateOndemandSession" time="42.783" classname="com.Scripts.VerifyJoinSession"/>
</testsuite> <!-- com.Scripts.VerifyJoinSession -->
