<?xml version="1.0" encoding="UTF-8"?>
<!-- Generated by org.testng.reporters.JUnitReportReporter -->
<testsuite hostname="FC080-NEW" name="com.ondemandsession.IniateOndemand" tests="1" failures="0" timestamp="27 Mar 2017 14:18:55 GMT" time="10.890" errors="0">
  <testcase name="ondemandSession" time="10.890" classname="com.ondemandsession.IniateOndemand"/>
</testsuite> <!-- com.ondemandsession.IniateOndemand -->
