<?xml version="1.0" encoding="UTF-8"?>
<!-- Generated by org.testng.reporters.JUnitReportReporter -->
<testsuite hostname="FC080-NEW" name="com.Scripts.Demo" tests="1" failures="0" timestamp="31 Mar 2017 10:27:24 GMT" time="0.012" errors="0">
  <testcase name="test" time="0.012" classname="com.Scripts.Demo"/>
</testsuite> <!-- com.Scripts.Demo -->
